<?xml version="1.0" encoding="utf-8"?><testsuites name="pytest tests"><testsuite name="pytest" errors="0" failures="2" skipped="0" tests="1739" time="55.152" timestamp="2026-09-21T12:23:00.774925-04:00" hostname="localhost"><testcase classname="test_evidence_workflow" name="test_refresh_preserves_policy_and_all_choices[None-auto-evidence-fallback]" time="0.002" /><testcase classname="test_evidence_workflow" name="test_refresh_preserves_policy_and_all_choices[None-auto-full-corroboration]" time="0.001" /><testcase classname="test_evidence_workflow" name="test_refresh_preserves_policy_and_all_choices[None-auto-checksum-required]" time="0.001" /><testcase classname="test_evidence_workflow" name="test_refresh_preserves_policy_and_all_choices[None-sha256-evidence-fallback]" time="0.001" /><testcase classname="test_evidence_workflow" name="test_refresh_preserves_policy_and_all_choices[None-sha256-full-corroboration]" time="0.001" /><testcase classname="test_evidence_workflow" name="test_refresh_preserves_policy_and_all_choices[None-sha256-checksum-required]" time="0.001" /><testcase classname="test_evidence_workflow" name="test_refresh_preserves_policy_and_all_choices[None-sha384-evidence-fallback]" time="0.001" /><testcase classname="test_evidence_workflow" name="test_refresh_preserves_policy_and_all_choices[None-sha384-full-corroboration]" time="0.001" /><testcase classname="test_evidence_workflow" name="test_refresh_preserves_policy_and_all_choices[None-sha384-checksum-required]" time="0.001" /><testcase classname="test_evidence_workflow" name="test_refresh_preserves_policy_and_all_choices[None-sha512-evidence-fallback]" time="0.001" /><testcase classname="test_evidence_workflow" name="test_refresh_preserves_policy_and_all_choices[None-sha512-full-corroboration]" time="0.001" /><testcase classname="test_evidence_workflow" name="test_refresh_preserves_policy_and_all_choices[None-sha512-checksum-required]" time="0.001" /><testcase classname="test_evidence_workflow" name="test_refresh_preserves_policy_and_all_choices[coverage1-auto-evidence-fallback]" time="0.001" /><testcase classname="test_evidence_workflow" name="test_refresh_preserves_policy_and_all_choices[coverage1-auto-full-corroboration]" time="0.001" /><testcase classname="test_evidence_workflow" name="test_refresh_preserves_policy_and_all_choices[coverage1-auto-checksum-required]" time="0.001" /><testcase classname="test_evidence_workflow" name="test_refresh_preserves_policy_and_all_choices[coverage1-sha256-evidence-fallback]" time="0.001" /><testcase classname="test_evidence_workflow" name="test_refresh_preserves_policy_and_all_choices[coverage1-sha256-full-corroboration]" time="0.001" /><testcase classname="test_evidence_workflow" name="test_refresh_preserves_policy_and_all_choices[coverage1-sha256-checksum-required]" time="0.001" /><testcase classname="test_evidence_workflow" name="test_refresh_preserves_policy_and_all_choices[coverage1-sha384-evidence-fallback]" time="0.001" /><testcase classname="test_evidence_workflow" name="test_refresh_preserves_policy_and_all_choices[coverage1-sha384-full-corroboration]" time="0.001" /><testcase classname="test_evidence_workflow" name="test_refresh_preserves_policy_and_all_choices[coverage1-sha384-checksum-required]" time="0.001" /><testcase classname="test_evidence_workflow" name="test_refresh_preserves_policy_and_all_choices[coverage1-sha512-evidence-fallback]" time="0.002" /><testcase classname="test_evidence_workflow" name="test_refresh_preserves_policy_and_all_choices[coverage1-sha512-full-corroboration]" time="0.001" /><testcase classname="test_evidence_workflow" name="test_refresh_preserves_policy_and_all_choices[coverage1-sha512-checksum-required]" time="0.001" /><testcase classname="test_evidence_workflow" name="test_refresh_preserves_policy_and_all_choices[coverage2-auto-evidence-fallback]" time="0.000" /><testcase classname="test_evidence_workflow" name="test_refresh_preserves_policy_and_all_choices[coverage2-auto-full-corroboration]" time="0.000" /><testcase classname="test_evidence_workflow" name="test_refresh_preserves_policy_and_all_choices[coverage2-auto-checksum-required]" time="0.000" /><testcase classname="test_evidence_workflow" name="test_refresh_preserves_policy_and_all_choices[coverage2-sha256-evidence-fallback]" time="0.000" /><testcase classname="test_evidence_workflow" name="test_refresh_preserves_policy_and_all_choices[coverage2-sha256-full-corroboration]" time="0.000" /><testcase classname="test_evidence_workflow" name="test_refresh_preserves_policy_and_all_choices[coverage2-sha256-checksum-required]" time="0.000" /><testcase classname="test_evidence_workflow" name="test_refresh_preserves_policy_and_all_choices[coverage2-sha384-evidence-fallback]" time="0.001" /><testcase classname="test_evidence_workflow" name="test_refresh_preserves_policy_and_all_choices[coverage2-sha384-full-corroboration]" time="0.000" /><testcase classname="test_evidence_workflow" name="test_refresh_preserves_policy_and_all_choices[coverage2-sha384-checksum-required]" time="0.001" /><testcase classname="test_evidence_workflow" name="test_refresh_preserves_policy_and_all_choices[coverage2-sha512-evidence-fallback]" time="0.001" /><testcase classname="test_evidence_workflow" name="test_refresh_preserves_policy_and_all_choices[coverage2-sha512-full-corroboration]" time="0.001" /><testcase classname="test_evidence_workflow" name="test_refresh_preserves_policy_and_all_choices[coverage2-sha512-checksum-required]" time="0.000" /><testcase classname="test_evidence_workflow" name="test_refresh_preserves_policy_and_all_choices[coverage3-auto-evidence-fallback]" time="0.000" /><testcase classname="test_evidence_workflow" name="test_refresh_preserves_policy_and_all_choices[coverage3-auto-full-corroboration]" time="0.000" /><testcase classname="test_evidence_workflow" name="test_refresh_preserves_policy_and_all_choices[coverage3-auto-checksum-required]" time="0.000" /><testcase classname="test_evidence_workflow" name="test_refresh_preserves_policy_and_all_choices[coverage3-sha256-evidence-fallback]" time="0.000" /><testcase classname="test_evidence_workflow" name="test_refresh_preserves_policy_and_all_choices[coverage3-sha256-full-corroboration]" time="0.000" /><testcase classname="test_evidence_workflow" name="test_refresh_preserves_policy_and_all_choices[coverage3-sha256-checksum-required]" time="0.000" /><testcase classname="test_evidence_workflow" name="test_refresh_preserves_policy_and_all_choices[coverage3-sha384-evidence-fallback]" time="0.000" /><testcase classname="test_evidence_workflow" name="test_refresh_preserves_policy_and_all_choices[coverage3-sha384-full-corroboration]" time="0.000" /><testcase classname="test_evidence_workflow" name="test_refresh_preserves_policy_and_all_choices[coverage3-sha384-checksum-required]" time="0.000" /><testcase classname="test_evidence_workflow" name="test_refresh_preserves_policy_and_all_choices[coverage3-sha512-evidence-fallback]" time="0.000" /><testcase classname="test_evidence_workflow" name="test_refresh_preserves_policy_and_all_choices[coverage3-sha512-full-corroboration]" time="0.001" /><testcase classname="test_evidence_workflow" name="test_refresh_preserves_policy_and_all_choices[coverage3-sha512-checksum-required]" time="0.000" /><testcase classname="test_evidence_workflow" name="test_refresh_and_mixed_policies_never_normalize_without_user_choice" time="0.001" /><testcase classname="test_evidence_workflow" name="test_explicit_test_runs_for_unknown_required_and_optional_sources[exact-mirror-None-evidence-fallback]" time="0.001" /><testcase classname="test_evidence_workflow" name="test_explicit_test_runs_for_unknown_required_and_optional_sources[exact-mirror-None-full-corroboration]" time="0.000" /><testcase classname="test_evidence_workflow" name="test_explicit_test_runs_for_unknown_required_and_optional_sources[exact-mirror-coverage1-evidence-fallback]" time="0.001" /><testcase classname="test_evidence_workflow" name="test_explicit_test_runs_for_unknown_required_and_optional_sources[exact-mirror-coverage1-full-corroboration]" time="0.001" /><testcase classname="test_evidence_workflow" name="test_explicit_test_runs_for_unknown_required_and_optional_sources[exact-mirror-coverage2-evidence-fallback]" time="0.001" /><testcase classname="test_evidence_workflow" name="test_explicit_test_runs_for_unknown_required_and_optional_sources[exact-mirror-coverage2-full-corroboration]" time="0.000" /><testcase classname="test_evidence_workflow" name="test_explicit_test_runs_for_unknown_required_and_optional_sources[independent-peer-None-evidence-fallback]" time="0.001" /><testcase classname="test_evidence_workflow" name="test_explicit_test_runs_for_unknown_required_and_optional_sources[independent-peer-None-full-corroboration]" time="0.001" /><testcase classname="test_evidence_workflow" name="test_explicit_test_runs_for_unknown_required_and_optional_sources[independent-peer-coverage1-evidence-fallback]" time="0.001" /><testcase classname="test_evidence_workflow" name="test_explicit_test_runs_for_unknown_required_and_optional_sources[independent-peer-coverage1-full-corroboration]" time="0.000" /><testcase classname="test_evidence_workflow" name="test_explicit_test_runs_for_unknown_required_and_optional_sources[independent-peer-coverage2-evidence-fallback]" time="0.000" /><testcase classname="test_evidence_workflow" name="test_explicit_test_runs_for_unknown_required_and_optional_sources[independent-peer-coverage2-full-corroboration]" time="0.000" /><testcase classname="test_evidence_workflow" name="test_optional_failure_does_not_block_but_becomes_required_when_minimum_changes" time="0.001" /><testcase classname="test_evidence_workflow" name="test_peer_pass_cannot_fill_an_enhanced_gap" time="0.000" /><testcase classname="test_evidence_workflow" name="test_test_outcomes_stay_visible_independently_of_requirement[repository-Byte match passed-True-False-required]" time="0.000" /><testcase classname="test_evidence_workflow" name="test_test_outcomes_stay_visible_independently_of_requirement[repository-Byte match passed-False-False-optional]" time="0.000" /><testcase classname="test_evidence_workflow" name="test_test_outcomes_stay_visible_independently_of_requirement[repository-Byte match passed-False-True-requirement unknown]" time="0.000" /><testcase classname="test_evidence_workflow" name="test_test_outcomes_stay_visible_independently_of_requirement[unusable-Test failed-True-False-required]" time="0.000" /><testcase classname="test_evidence_workflow" name="test_test_outcomes_stay_visible_independently_of_requirement[unusable-Test failed-False-False-optional]" time="0.000" /><testcase classname="test_evidence_workflow" name="test_test_outcomes_stay_visible_independently_of_requirement[unusable-Test failed-False-True-requirement unknown]" time="0.000" /><testcase classname="test_evidence_workflow" name="test_test_outcomes_stay_visible_independently_of_requirement[testing-Testing-True-False-required]" time="0.000" /><testcase classname="test_evidence_workflow" name="test_test_outcomes_stay_visible_independently_of_requirement[testing-Testing-False-False-optional]" time="0.000" /><testcase classname="test_evidence_workflow" name="test_test_outcomes_stay_visible_independently_of_requirement[testing-Testing-False-True-requirement unknown]" time="0.000" /><testcase classname="test_evidence_workflow" name="test_peer_outcome_explains_fallback_ineligibility" time="0.000" /><testcase classname="test_evidence_workflow" name="test_loaded_mixed_package_coverage_does_not_hide_a_gap" time="0.001" /><testcase classname="test_evidence_workflow" name="test_explicit_policy_change_never_lowers_minimum[evidence-fallback]" time="0.001" /><testcase classname="test_evidence_workflow" name="test_explicit_policy_change_never_lowers_minimum[checksum-required]" time="0.000" /><testcase classname="test_evidence_workflow" name="test_explicit_policy_change_never_lowers_minimum[full-corroboration]" time="0.001" /><testcase classname="test_evidence_workflow" name="test_changing_one_mixed_axis_preserves_the_other" time="0.001" /><testcase classname="test_evidence_workflow" name="test_sha512_fallback_checks_distinct_artifact_bytes[True]" time="0.004" /><testcase classname="test_evidence_workflow" name="test_sha512_fallback_checks_distinct_artifact_bytes[False]" time="0.002" /><testcase classname="test_feather" name="test_deb_version_conflict_is_resolved_not_ignored" time="0.002" /><testcase classname="test_feather" name="test_dependencies_cascade_to_arbitrary_depth" time="0.002" /><testcase classname="test_feather" name="test_cascade_continues_through_virtual_providers" time="0.001" /><testcase classname="test_feather" name="test_deb_unsatisfiable_pin_blocks_the_build" time="0.001" /><testcase classname="test_feather" name="test_rpm_version_conflict_is_resolved" time="0.002" /><testcase classname="test_feather" name="test_rpm_unsatisfiable_pin_blocks_the_build" time="0.002" /><testcase classname="test_feather" name="test_rpmvercmp_orders_numeric_segments_numerically" time="0.000" /><testcase classname="test_feather" name="test_deb_version_ordering_matches_dpkg" time="0.000" /><testcase classname="test_feather" name="test_weak_digests_are_rejected" time="0.000" /><testcase classname="test_feather" name="test_expired_release_metadata_is_rejected" time="0.000" /><testcase classname="test_feather" name="test_wrong_suite_is_rejected" time="0.000" /><testcase classname="test_feather" name="test_msys_gnupg_home_conversion" time="0.000" /><testcase classname="test_feather" name="test_msys_gpg_file_argument_conversion" time="0.000" /><testcase classname="test_feather" name="test_git_for_windows_gpgv_is_detected_as_msys" time="0.000" /><testcase classname="test_feather" name="test_openpgp_verification_round_trip" time="0.008"><failure message="AssertionError: gpg: keybox '/workspace/scratch/bf1886667624/tmp/tmppcyy1n6g/pubring.kbx' created&#10;  gpg: error running '/usr/bin/gpg-agent': exit status 2&#10;  gpg: failed to start gpg-agent '/usr/bin/gpg-agent': General error&#10;  gpg: can't connect to the gpg-agent: General error&#10;  gpg: agent_genkey failed: No agent running&#10;  gpg: key generation failed: No agent running&#10;  &#10;assert 2 == 0&#10; +  where 2 = CompletedProcess(args=('/usr/bin/gpg', '--batch', '--passphrase', '', '--quick-generate-key', 'OPB Selftest &lt;selftest@... gpg-agent: General error\ngpg: agent_genkey failed: No agent running\ngpg: key generation failed: No agent running\n&quot;).returncode">def test_openpgp_verification_round_trip():
        """Sign a payload with a throwaway key and check both accept and reject paths.
    
        Ordinary developer environments may skip when GnuPG is absent. The Linux
        release gate installs GnuPG explicitly, so absence there is a gate failure.
        """
        import os
        import subprocess
        import pytest
        from core import gpg_backend, verify_openpgp
        gpg = shutil_which("gpg")
        if gpg_backend() is None or not gpg:
            pytest.skip("GnuPG signing and verification tools are unavailable on this host")
        with tempfile.TemporaryDirectory() as td:
            env = dict(os.environ, GNUPGHOME=_gpg_test_home(td, gpg))
            os.chmod(td, 0o700)
            run = lambda *a: subprocess.run(a, env=env, capture_output=True)
            generated = run(gpg, "--batch", "--passphrase", "", "--quick-generate-key",
                            "OPB Selftest &lt;selftest@example.invalid&gt;", "default", "default", "never")
&gt;           assert generated.returncode == 0, generated.stderr.decode("utf-8", "replace")
E           AssertionError: gpg: keybox '/workspace/scratch/bf1886667624/tmp/tmppcyy1n6g/pubring.kbx' created
E             gpg: error running '/usr/bin/gpg-agent': exit status 2
E             gpg: failed to start gpg-agent '/usr/bin/gpg-agent': General error
E             gpg: can't connect to the gpg-agent: General error
E             gpg: agent_genkey failed: No agent running
E             gpg: key generation failed: No agent running
E             
E           assert 2 == 0
E            +  where 2 = CompletedProcess(args=('/usr/bin/gpg', '--batch', '--passphrase', '', '--quick-generate-key', 'OPB Selftest &lt;selftest@... gpg-agent: General error\ngpg: agent_genkey failed: No agent running\ngpg: key generation failed: No agent running\n").returncode

test_feather.py:266: AssertionError</failure></testcase><testcase classname="test_feather" name="test_ascii_armored_keyring_dearmors_without_gpg_executable" time="0.002" /><testcase classname="test_feather" name="test_ascii_armored_keyring_verifies_with_gpgv_only" time="0.009"><failure message="AssertionError: gpg: keybox '/workspace/scratch/bf1886667624/tmp/tmpp5nyy_z6/gnupg/pubring.kbx' created&#10;  gpg: error running '/usr/bin/gpg-agent': exit status 2&#10;  gpg: failed to start gpg-agent '/usr/bin/gpg-agent': General error&#10;  gpg: can't connect to the gpg-agent: General error&#10;  gpg: agent_genkey failed: No agent running&#10;  gpg: key generation failed: No agent running&#10;  &#10;assert 2 == 0&#10; +  where 2 = CompletedProcess(args=('/usr/bin/gpg', '--batch', '--passphrase', '', '--quick-generate-key', 'Armored Selftest &lt;asc@e... gpg-agent: General error\ngpg: agent_genkey failed: No agent running\ngpg: key generation failed: No agent running\n&quot;).returncode">monkeypatch = &lt;_pytest.monkeypatch.MonkeyPatch object at 0x7f3b49cb7350&gt;

    def test_ascii_armored_keyring_verifies_with_gpgv_only(monkeypatch):
        """Integration regression for the Windows release's verifier-only layout."""
        import os
        import subprocess
        import pytest
        import core
    
        gpg = shutil_which("gpg")
        gpgv = shutil_which("gpgv")
        if not gpg or not gpgv:
            pytest.skip("GnuPG signing and verification tools are unavailable on this host")
        with tempfile.TemporaryDirectory() as td:
            home = Path(td) / "gnupg"
            home.mkdir()
            os.chmod(home, 0o700)
            env = dict(os.environ, GNUPGHOME=_gpg_test_home(home, gpg))
            run = lambda *a: subprocess.run(a, env=env, capture_output=True)
            generated = run(gpg, "--batch", "--passphrase", "", "--quick-generate-key",
                            "Armored Selftest &lt;asc@example.invalid&gt;", "default", "default", "never")
&gt;           assert generated.returncode == 0, generated.stderr.decode("utf-8", "replace")
E           AssertionError: gpg: keybox '/workspace/scratch/bf1886667624/tmp/tmpp5nyy_z6/gnupg/pubring.kbx' created
E             gpg: error running '/usr/bin/gpg-agent': exit status 2
E             gpg: failed to start gpg-agent '/usr/bin/gpg-agent': General error
E             gpg: can't connect to the gpg-agent: General error
E             gpg: agent_genkey failed: No agent running
E             gpg: key generation failed: No agent running
E             
E           assert 2 == 0
E            +  where 2 = CompletedProcess(args=('/usr/bin/gpg', '--batch', '--passphrase', '', '--quick-generate-key', 'Armored Selftest &lt;asc@e... gpg-agent: General error\ngpg: agent_genkey failed: No agent running\ngpg: key generation failed: No agent running\n").returncode

test_feather.py:339: AssertionError</failure></testcase><testcase classname="test_feather" name="test_missing_keyring_is_an_error_not_a_warning" time="0.000" /><testcase classname="test_feather" name="test_rpm_header_parsing_reads_full_payload_digest" time="0.000" /><testcase classname="test_feather" name="test_rpm_vendor_signature_verification" time="0.000" /><testcase classname="test_feather" name="test_wrong_vendor_keyring_is_rejected" time="0.000" /><testcase classname="test_feather" name="test_provenance_record_serialises" time="0.000" /><testcase classname="test_feather" name="test_baseline_split_omits_known_packages" time="0.000" /><testcase classname="test_feather" name="test_missing_baseline_manifest_is_an_error" time="0.000" /><testcase classname="test_feather" name="test_reporter_records_warnings" time="0.000" /><testcase classname="test_feather" name="test_cross_family_inventory_is_rejected" time="0.001" /><testcase classname="test_feather" name="test_inventory_error_record_is_surfaced" time="0.000" /><testcase classname="test_feather" name="test_declared_family_helper" time="0.000" /><testcase classname="test_feather" name="test_target_arch_is_deterministic" time="0.000" /><testcase classname="test_feather" name="test_clearsigned_release_payload_handles_crlf" time="0.000" /><testcase classname="test_feather" name="test_profile_uses_discovered_releases_as_authoritative_state" time="0.000" /><testcase classname="test_feather" name="test_release_only_apt_repo_does_not_backoff_on_missing_inrelease" time="0.010" /><testcase classname="test_feather" name="test_credentials_never_reach_bundle_artifacts_or_logs" time="0.012" /><testcase classname="test_feather" name="test_entitlement_gated_targets_have_no_probeable_base" time="0.001" /><testcase classname="test_feather" name="test_version_ordering_is_numeric" time="0.000" /><testcase classname="test_feather" name="test_codenames_resolve_before_repository_urls_are_built" time="0.000" /><testcase classname="test_feather" name="test_workload_packages_resolve_per_family" time="0.000" /><testcase classname="test_feather" name="test_prefixed_components_are_semantic_not_forced_paths" time="0.004" /><testcase classname="test_feather" name="test_prefixed_component_path_remains_supported_when_archive_really_uses_it" time="0.004" /><testcase classname="test_feather" name="test_legacy_prefixed_configured_component_resolves_signed_plain_path" time="0.006" /><testcase classname="test_feather" name="test_debian_security_uses_canonical_source_components" time="0.000" /><testcase classname="test_feather" name="test_devuan_components_follow_release_generation" time="0.003" /><testcase classname="test_feather" name="test_docker_apt_suite_never_silently_cross_grades_release" time="0.000" /><testcase classname="test_feather" name="test_apt_rejects_architecture_not_published_by_release" time="0.004" /><testcase classname="test_feather" name="test_codename_style_distributions_offer_codenames" time="0.001" /><testcase classname="test_feather" name="test_profile_retains_a_hand_typed_release" time="0.000" /><testcase classname="test_feather" name="test_unknown_release_names_pass_through_to_the_archive" time="0.000" /><testcase classname="test_feather" name="test_workload_repositories_are_not_part_of_the_distribution" time="0.000" /><testcase classname="test_feather" name="test_repository_diagnosis_distinguishes_empty_from_wrong_path" time="0.000" /><testcase classname="test_feather" name="test_sealed_index_covers_every_file_and_is_computed_at_finalisation" time="0.018" /><testcase classname="test_feather" name="test_progress_is_monotonic_across_phases" time="0.000" /><testcase classname="test_feather" name="test_sealing_refuses_symlinks_and_uses_root_relative_exclusions" time="0.005" /><testcase classname="test_feather" name="test_shipped_verifier_detects_every_tamper" time="0.111" /><testcase classname="test_feather" name="test_staging_cannot_mutate_the_previous_bundle" time="0.004" /><testcase classname="test_feather" name="test_failed_finalisation_leaves_no_bundle" time="0.013" /><testcase classname="test_feather" name="test_trust_state_is_recorded_not_inferred" time="0.001" /><testcase classname="test_feather" name="test_deb822_continuation_fields_round_trip" time="0.000" /><testcase classname="test_feather" name="test_no_credential_reaches_a_bundle_or_log" time="3.010" /><testcase classname="test_feather" name="test_package_locations_cannot_escape_their_repository" time="0.001" /><testcase classname="test_feather" name="test_credentials_are_redacted_from_urls" time="0.000" /><testcase classname="test_feather" name="test_differential_baseline_compares_content_not_identity" time="0.001" /><testcase classname="test_feather" name="test_bundle_records_which_build_produced_it" time="0.001" /><testcase classname="test_feather" name="test_analysis_signature_covers_every_source_field" time="0.001" /><testcase classname="test_feather" name="test_interrupted_transfer_resumes_and_heals" time="0.040" /><testcase classname="test_feather" name="test_rows_are_drawn_from_the_picked_set" time="0.000" /><testcase classname="test_feather" name="test_picked_selection_survives_a_repeat_analysis" time="0.000" /><testcase classname="test_feather" name="test_resolver_backtracks_over_alternatives" time="0.001" /><testcase classname="test_feather" name="test_constraints_do_not_leak_from_an_abandoned_branch" time="0.001" /><testcase classname="test_feather" name="test_rpm_backtracks_over_virtual_providers" time="0.002" /><testcase classname="test_feather" name="test_impossible_alternatives_still_block_the_build" time="0.001" /><testcase classname="test_feather" name="test_missing_roots_do_not_abort_the_whole_analysis" time="0.001" /><testcase classname="test_feather" name="test_optional_packages_are_skipped_not_failed" time="0.001" /><testcase classname="test_feather" name="test_every_optional_package_belongs_to_its_workload" time="0.001" /><testcase classname="test_feather" name="test_supplementary_el_repositories_are_not_fatal" time="0.000" /><testcase classname="test_feather" name="test_unc_paths_survive_the_file_url_round_trip" time="0.001" /><testcase classname="test_feather" name="test_workload_definitions_are_internally_consistent" time="0.001" /><testcase classname="test_feather" name="test_toolset_workloads_have_no_false_version_axis" time="0.000" /><testcase classname="test_feather" name="test_toolset_presets_are_substantive" time="0.000" /><testcase classname="test_feather" name="test_workload_catalog_reports_problems" time="0.001" /><testcase classname="test_feather" name="test_legacy_resolver_suite" time="0.013" /><testcase classname="test_feather" name="test_regression_source_bond_uses_evidence_digest_on_one_payload" time="0.001" /><testcase classname="test_feather" name="test_regression_source_bond_digest_disagreement_is_recorded_not_global_fatal" time="0.000" /><testcase classname="test_feather" name="test_regression_source_bond_weak_digest_disagreement_is_recorded_as_conflict" time="0.000" /><testcase classname="test_feather" name="test_regression_source_bond_requires_distinct_endpoints" time="0.000" /><testcase classname="test_feather" name="test_regression_resilient_digest_policy_and_strict_override" time="0.001" /><testcase classname="test_feather" name="test_regression_apt_backtracks_over_virtual_provider_packages" time="0.001" /><testcase classname="test_feather" name="test_regression_payload_basename_collision_blocks_bundle" time="0.000" /><testcase classname="test_feather" name="test_regression_rpm_repository_rewrites_namespaced_location" time="0.002" /><testcase classname="test_feather" name="test_rpm_repository_constructed_primary_uses_libsolv_namespace_spelling" time="0.002" /><testcase classname="test_feather" name="test_regression_apt_pocket_requires_exact_suite" time="0.000" /><testcase classname="test_feather" name="test_regression_bundle_index_seals_receiver_verifier" time="0.004" /><testcase classname="test_feather" name="test_regression_apt_installer_uses_local_repository_roots_not_payload_argv" time="0.006" /><testcase classname="test_feather" name="test_regression_source_bond_does_not_forward_acquisition_mtls_credentials" time="0.001" /><testcase classname="test_feather" name="test_regression_required_source_bond_cannot_be_bypassed_by_disabling_checksums" time="0.001" /><testcase classname="test_feather" name="test_regression_evidence_redirect_cannot_collapse_back_to_acquisition_host" time="0.000" /><testcase classname="test_feather" name="test_regression_rpm_requested_root_role_is_a_hard_constraint" time="0.001" /><testcase classname="test_feather" name="test_regression_matching_bond_digest_hashes_payload_once_and_marks_both_claims" time="0.001" /><testcase classname="test_feather" name="test_regression_1031_evidence_digest_verifies_when_acquisition_checksums_are_disabled" time="0.001" /><testcase classname="test_feather" name="test_regression_1031_archive_and_mirror_provenance_coexist" time="0.000" /><testcase classname="test_feather" name="test_regression_1031_provenance_json_has_multi_axis_mode_summary" time="0.001" /><testcase classname="test_feather" name="test_regression_1032_auto_digest_uses_strongest_published_sha2" time="0.000" /><testcase classname="test_feather" name="test_regression_1032_exact_digest_does_not_silently_substitute_strength" time="0.000" /><testcase classname="test_feather" name="test_regression_1032_fallback_does_not_query_evidence_when_selected_sha_exists" time="0.001" /><testcase classname="test_feather" name="test_regression_1032_fallback_uses_metadata_peer_when_selected_sha_missing" time="0.001" /><testcase classname="test_feather" name="test_regression_1032_required_selected_sha_fails_without_acquisition_or_evidence" time="0.001" /><testcase classname="test_feather" name="test_regression_1033_evidence_dropdown_candidates_follow_selected_top_level_repo" time="0.001" /><testcase classname="test_feather" name="test_regression_1033_inspected_sha_choices_are_retained_before_full_analysis" time="0.000" /><testcase classname="test_feather" name="test_regression_1034_provenance_policy_applies_to_enabled_sources_only" time="0.000" /><testcase classname="test_feather" name="test_regression_1034_digest_coverage_labels_map_to_exact_strength" time="0.000" /><testcase classname="test_feather" name="test_regression_1034_main_provenance_ui_has_no_second_source_selector_or_apply_button" time="0.003" /><testcase classname="test_feather" name="test_regression_1034_advanced_provenance_dialog_is_live_not_save_apply" time="0.003" /><testcase classname="test_feather" name="test_regression_1035_required_sha_forces_independent_evidence_off" time="0.000" /><testcase classname="test_feather" name="test_regression_1035_evidence_controls_follow_required_and_mode_state" time="0.001" /><testcase classname="test_feather" name="test_regression_1035_repository_inspection_has_visible_progress" time="0.003" /><testcase classname="test_feather" name="test_regression_1035_provenance_ui_avoids_em_dash_heavy_labels" time="0.005" /><testcase classname="test_feather" name="test_regression_1035_required_digest_does_not_fall_back_to_evidence" time="0.001" /><testcase classname="test_feather" name="test_regression_1036_sha_choice_is_minimum_and_prefers_stronger_digest" time="0.000" /><testcase classname="test_feather" name="test_regression_1036_checksum_available_powers_through_uncovered_package" time="0.001" /><testcase classname="test_feather" name="test_regression_1036_evidence_fallback_fills_only_a_checksum_gap" time="0.001" /><testcase classname="test_feather" name="test_regression_1036_full_corroboration_requires_both_claims" time="0.002" /><testcase classname="test_feather" name="test_regression_1036_strict_ui_preserves_all_minimums_and_reports_coverage" time="0.001" /><testcase classname="test_feather" name="test_regression_1036_evidence_ui_is_subordinate_to_strategy_not_a_second_toggle" time="0.002" /><testcase classname="test_feather" name="test_regression_1037_disabled_provenance_controls_use_dark_muted_styles" time="0.002" /><testcase classname="test_feather" name="test_regression_1038_skip_strategy_is_first_class" time="0.000" /><testcase classname="test_feather" name="test_regression_1038_skip_strategy_does_not_hash_package_claims" time="0.001" /><testcase classname="test_feather" name="test_regression_1038_apt_skip_ignores_configured_archive_keyring" time="0.000" /><testcase classname="test_feather" name="test_regression_1038_rpm_skip_does_not_fetch_or_verify_repomd_signature" time="0.001" /><testcase classname="test_feather" name="test_regression_1038_skip_ui_disables_checksum_and_evidence_controls" time="0.003" /><testcase classname="test_feather" name="test_regression_1038_skip_strategy_never_uses_evidence_mirror" time="0.000" /><testcase classname="test_feather" name="test_rpm_rich_or_dependency_resolves_available_branch" time="0.001" /><testcase classname="test_feather" name="test_rpm_rich_or_can_backtrack_to_other_branch_provider" time="0.001" /><testcase classname="test_feather" name="test_repository_sidecar_rebuilds_apt_metadata_without_moving_packages" time="0.004" /><testcase classname="test_feather" name="test_repository_sidecar_rejects_mixed_package_families" time="0.002" /><testcase classname="test_feather" name="test_review_source_contains_unresolved_waiver_and_retry_controls" time="0.008" /><testcase classname="test_feather" name="test_repository_tools_are_sidecar_not_sixth_wizard_step" time="0.003" /><testcase classname="test_feather" name="test_repository_sidecar_reads_rpm_dependency_header_and_writes_primary" time="0.003" /><testcase classname="test_feather" name="test_review_output_path_combines_base_and_bundle_folder" time="0.001" /><testcase classname="test_feather" name="test_resolved_output_path_can_reuse_build_folder_name_without_regenerating" time="0.001" /><testcase classname="test_feather" name="test_successful_build_enables_open_output_folder" time="0.001" /><testcase classname="test_feather" name="test_review_contract_exposes_single_package_before_analysis" time="0.000" /><testcase classname="test_feather" name="test_review_actions_disable_when_contract_is_empty_and_enable_before_analysis" time="0.000" /><testcase classname="test_feather" name="test_review_build_disables_for_blocking_analysis_and_reenables_after_waiver" time="0.000" /><testcase classname="test_feather" name="test_review_contract_renderer_keeps_requested_root_visible_without_analysis" time="0.000" /><testcase classname="test_feather" name="test_trust_findings_are_retained_in_full_for_log_review" time="0.001" /><testcase classname="test_feather" name="test_build_trust_review_uses_log_window_decision_instead_of_messagebox" time="0.000" /><testcase classname="test_feather" name="test_closing_or_cancelling_trust_log_blocks_pending_build" time="0.000" /><testcase classname="test_feather" name="test_review_result_renderer_does_not_create_trust_warning_pseudo_packages" time="0.001" /><testcase classname="test_feather" name="test_provenance_table_marks_missing_sha_fields_explicitly" time="0.001" /><testcase classname="test_feather" name="test_global_operation_lease_disables_and_restores_process_buttons" time="0.001" /><testcase classname="test_feather" name="test_high_resolution_mousewheel_deltas_are_accumulated_instead_of_dropped" time="0.000" /><testcase classname="test_feather" name="test_build_keeps_review_rows_visible_during_preflight" time="0.001" /><testcase classname="test_feather" name="test_review_exposes_exact_source_url_view" time="0.002" /><testcase classname="test_feather" name="test_checksum_inspection_participates_in_global_operation_lock" time="0.001" /><testcase classname="test_feather" name="test_rpm_repomd_metadata_location_cannot_escape_repository" time="0.001" /><testcase classname="test_feather" name="test_rpm_repomd_metadata_location_cannot_traverse_repository" time="0.000" /><testcase classname="test_feather" name="test_source_bond_rejects_redirect_collapse_to_acquisition_effective_host" time="0.001" /><testcase classname="test_feather" name="test_metadata_download_limit_is_enforced_without_content_length" time="0.000" /><testcase classname="test_feather" name="test_metadata_decompression_limit_stops_compression_bomb_shape" time="0.000" /><testcase classname="test_feather" name="test_rpm_signature_reader_does_not_use_path_read_bytes" time="0.001" /><testcase classname="test_feather" name="test_local_rpm_primary_size_is_archive_bytes_not_installed_size" time="0.001" /><testcase classname="test_feather" name="test_deb822_parser_rejects_pathological_single_line" time="0.000" /><testcase classname="test_feather" name="test_deb822_parser_rejects_pathological_continuation_field" time="0.000" /><testcase classname="test_feather" name="test_repository_location_rejects_percent_encoded_dotdot_traversal" time="0.002" /><testcase classname="test_feather" name="test_metadata_download_limit_rejects_oversized_declared_length" time="0.000" /><testcase classname="test_feather" name="test_repository_location_rejects_double_encoded_dotdot_traversal" time="0.000" /><testcase classname="test_feather" name="test_vendor_signature_settings_do_not_cross_vendor_boundaries" time="0.000" /><testcase classname="test_feather" name="test_vendor_signature_settings_share_only_with_same_vendor" time="0.000" /><testcase classname="test_feather" name="test_vendor_signature_legacy_global_keyring_only_used_without_scoped_map" time="0.000" /><testcase classname="test_feather" name="test_verification_strategy_labels_keep_policy_identity_with_assurance_suffixes" time="0.000" /><testcase classname="test_feather" name="test_entitlement_and_keyring_reference_stores_live_outside_program_tree" time="0.002" /><testcase classname="test_feather" name="test_packages_sources_visual_order_is_base_then_additional_then_selection" time="0.000" /><testcase classname="test_feather" name="test_scroll_hint_no_longer_pauses_during_wheel_gesture_and_uses_accent" time="0.001" /><testcase classname="test_feather" name="test_validation_router_has_explicit_targets_for_missing_source_entitlement_and_signing" time="0.001" /><testcase classname="test_feather" name="test_source_plan_rebuild_preserves_additional_repositories" time="0.001" /><testcase classname="test_feather" name="test_base_source_editor_is_inline_and_source_plan_is_described_as_population" time="0.001" /><testcase classname="test_feather" name="test_additional_repository_manager_is_separate_from_base_source_editor" time="0.001" /><testcase classname="test_feather" name="test_wizard_separates_linux_repositories_packages_and_output_directories" time="0.002" /><testcase classname="test_feather" name="test_repository_stage_owns_broad_source_test_not_additional_repository_card" time="0.002" /><testcase classname="test_feather" name="test_packages_stage_has_selection_specific_source_coverage_check" time="0.002" /><testcase classname="test_feather" name="test_package_source_matcher_respects_role_repo_arch_and_version_for_rpm" time="0.000" /><testcase classname="test_feather" name="test_workload_repository_roles_are_generic_and_keep_legacy_docker_compatibility" time="0.000" /><testcase classname="test_feather" name="test_workload_can_map_different_roots_to_different_repository_roles" time="0.000" /><testcase classname="test_feather" name="test_external_workload_catalog_accepts_repository_role_contract" time="0.001" /><testcase classname="test_feather" name="test_recommended_workload_repository_is_materialized_as_workload_tier" time="0.000" /><testcase classname="test_feather" name="test_workload_validation_requires_every_declared_repository_role" time="0.001" /><testcase classname="test_feather" name="test_switching_workloads_preserves_manual_irrelevant_workload_source" time="0.000" /><testcase classname="test_feather" name="test_validate_sources_allows_self_contained_workload_repository" time="0.001" /><testcase classname="test_feather" name="test_validate_sources_ignores_enabled_rows_without_a_location" time="0.000" /><testcase classname="test_feather" name="test_source_plan_does_not_require_dependency_role_when_workload_role_is_present" time="0.001" /><testcase classname="test_feather" name="test_repositories_consumes_requirements_derived_from_packages" time="0.002" /><testcase classname="test_feather" name="test_repositories_materialize_repository_implied_by_selected_workload" time="0.000" /><testcase classname="test_feather" name="test_workload_root_requests_use_role_without_arbitrary_repository_pin" time="0.000" /><testcase classname="test_feather" name="test_provenance_purposes_are_derived_from_distribution_and_workload_flow" time="0.001" /><testcase classname="test_feather" name="test_profile_managed_irrelevant_workload_source_is_disabled_but_retained" time="0.000" /><testcase classname="test_feather" name="test_podman_root_uses_distribution_scope_not_dependency_role_or_repo_pin" time="0.000" /><testcase classname="test_feather" name="test_mixed_workload_maps_only_explicit_vendor_roots" time="0.000" /><testcase classname="test_feather" name="test_rpm_distribution_scope_excludes_workload_repo_even_when_it_has_same_package" time="0.000" /><testcase classname="test_feather" name="test_version_scan_for_distribution_native_workload_uses_all_enabled_base_repos" time="0.000" /><testcase classname="test_feather" name="test_apt_distribution_scope_excludes_supplemental_repo_even_when_higher_priority" time="0.000" /><testcase classname="test_feather" name="test_workload_change_preseeds_sidechannel_before_repository_navigation" time="0.001" /><testcase classname="test_feather" name="test_coverage_synchronizes_workload_sources_before_source_plan_validation" time="0.000" /><testcase classname="test_feather" name="test_repository_requirement_rows_put_sidechannel_before_distribution" time="0.000" /><testcase classname="test_feather" name="test_base_source_population_excludes_all_known_workload_roles_not_only_docker" time="0.001" /><testcase classname="test_feather" name="test_query_token_repository_normalization_keeps_query_after_root_slash" time="0.000" /><testcase classname="test_feather" name="test_url_join_inherits_recognized_query_credentials_same_origin_only" time="0.000" /><testcase classname="test_feather" name="test_repo_relative_url_inherits_query_token_and_metadata_cannot_override_it" time="0.000" /><testcase classname="test_feather" name="test_credentialed_repository_rejects_cross_origin_redirect_before_following" time="0.001" /><testcase classname="test_feather" name="test_query_token_repository_redirect_is_origin_confined_too" time="0.000" /><testcase classname="test_feather" name="test_credentialed_repository_can_explicitly_allow_vendor_redirect_origin" time="0.000" /><testcase classname="test_feather" name="test_source_plan_models_distribution_dedicated_and_mixed_roots" time="0.000" /><testcase classname="test_feather" name="test_app_source_plan_wrappers_derive_from_one_plan_object" time="0.000" /><testcase classname="test_feather" name="test_package_requests_consume_source_plan_instead_of_rederiving_roles" time="0.001" /><testcase classname="test_feather" name="test_source_plan_required_roles_are_deduplicated_in_root_order" time="0.000" /><testcase classname="test_feather" name="test_native_dnf_conformance_has_real_offline_transaction_oracle" time="0.011" /><testcase classname="test_feather" name="test_native_conformance_file_urls_are_canonical_for_libcurl" time="0.001" /><testcase classname="test_feather" name="test_native_conformance_main_runs_all_registered_tiers" time="0.001" /><testcase classname="test_feather" name="test_rpm_resolver_property_fuzz_complete_dags_have_complete_closures" time="0.028" /><testcase classname="test_feather" name="test_apt_resolver_property_fuzz_complete_dags_have_complete_closures" time="0.016" /><testcase classname="test_feather" name="test_requested_source_plan_provenance_separates_intent_from_resolved_repo" time="0.000" /><testcase classname="test_feather" name="test_query_token_is_retained_across_same_origin_redirect_but_not_allowlisted_cross_origin" time="0.001" /><testcase classname="test_feather" name="test_dedicated_workload_without_base_enters_package_only_acquisition_mode" time="0.000" /><testcase classname="test_feather" name="test_mixed_workload_without_base_does_not_masquerade_as_package_only_complete_selection" time="0.000" /><testcase classname="test_feather" name="test_review_exposes_only_download_action_in_package_only_mode" time="0.000" /><testcase classname="test_feather" name="test_package_only_build_options_do_not_resolve_dependencies_or_emit_repository" time="0.001" /><testcase classname="test_feather" name="test_rpm_package_only_output_has_warning_and_no_offline_installer" time="0.012" /><testcase classname="test_feather" name="test_apt_package_only_output_has_warning_and_no_offline_installer" time="0.015" /><testcase classname="test_feather" name="test_workload_only_coverage_does_not_require_pending_base_media" time="0.001" /><testcase classname="test_feather" name="test_distribution_root_coverage_still_requires_pending_base_media_to_be_configured" time="0.001" /><testcase classname="test_feather" name="test_package_coverage_repository_scope_ignores_base_for_dedicated_workload" time="0.002" /><testcase classname="test_feather" name="test_package_coverage_repository_scope_combines_base_and_sidechannel_for_mixed_workload" time="0.002" /><testcase classname="test_feather" name="test_repository_cards_keep_spacing_between_required_and_base_sections" time="0.002" /><testcase classname="test_feather" name="test_probe_verdict_treats_workload_only_source_as_package_only_not_missing_dependency_repo" time="0.000" /><testcase classname="test_feather" name="test_probe_verdict_reports_pending_base_only_for_distribution_roots" time="0.000" /><testcase classname="test_feather" name="test_package_only_build_scope_excludes_unrelated_base_and_additional_sources" time="0.005" /><testcase classname="test_feather" name="test_provenance_uses_package_only_operation_scope" time="0.001" /><testcase classname="test_feather" name="test_metadata_loading_heals_failed_supplement_when_required_workload_scope_survives" time="0.001" /><testcase classname="test_feather" name="test_metadata_loading_fails_when_entire_required_workload_role_is_unreachable" time="0.001" /><testcase classname="test_feather" name="test_package_browser_includes_disabled_generic_workload_role_not_only_docker" time="0.002" /><testcase classname="test_feather" name="test_source_status_does_not_error_on_pending_base_media_for_package_only_workload" time="0.001" /><testcase classname="test_feather" name="test_refactor_domain_and_transport_modules_are_gui_free" time="0.008" /><testcase classname="test_feather" name="test_source_readiness_selects_root_scope_and_package_only_capability" time="0.001" /><testcase classname="test_feather" name="test_source_readiness_mixed_plan_requires_distribution_and_workload_role" time="0.000" /><testcase classname="test_feather" name="test_core_network_entrypoints_delegate_to_repository_transport" time="0.001" /><testcase classname="test_feather" name="test_1058_windows_casefold_payload_collision_is_blocked" time="0.000" /><testcase classname="test_feather" name="test_1058_verifier_resource_is_fail_closed" time="0.001" /><testcase classname="test_feather" name="test_1058_build_script_embeds_verifier_and_stages_required_sidecars" time="0.000" /><testcase classname="test_feather" name="test_1058_dependency_provider_topology_does_not_depend_on_repo_ownership" time="0.000" /><testcase classname="test_feather" name="test_1058_external_workload_preserves_optional_packages" time="0.001" /><testcase classname="test_feather" name="test_1058_gui_log_sink_redacts_registered_secrets" time="0.000" /><testcase classname="test_feather" name="test_1058_rpm_installer_uses_local_repository_roots_not_payload_argv" time="0.006" /><testcase classname="test_feather" name="test_1059_materializer_uses_first_approved_candidate_present_in_scope" time="0.000" /><testcase classname="test_feather" name="test_1059_materializer_fails_closed_on_unapproved_similar_package" time="0.000" /><testcase classname="test_feather" name="test_1059_materializer_respects_workload_repository_role" time="0.000" /><testcase classname="test_feather" name="test_1059_external_workload_components_support_ordered_candidates" time="0.001" /><testcase classname="test_feather" name="test_1059_evidence_gate_matches_per_source_runtime_contract" time="0.001" /><testcase classname="test_feather" name="test_1059_basic_strict_and_minimal_do_not_require_evidence" time="0.000" /><testcase classname="test_feather" name="test_1059_unconfigured_evidence_dropdown_is_visibly_none_not_automatic" time="0.000" /><testcase classname="test_feather" name="test_1059_provenance_evidence_is_own_highlightable_card_and_policy_does_not_auto_mesh" time="0.003" /><testcase classname="test_feather" name="test_1059_catalog_signature_contract_is_fail_closed_when_incomplete" time="0.001" /><testcase classname="test_feather" name="test_1059_verified_catalog_signature_is_recorded" time="0.001" /><testcase classname="test_feather" name="test_workload_catalog_uses_core_authenticated_openpgp_policy" time="0.001" /><testcase classname="test_feather" name="test_https_repository_redirect_cannot_downgrade_to_http" time="0.000" /><testcase classname="test_feather" name="test_signed_url_credentials_are_recognized_and_redacted" time="0.000" /><testcase classname="test_feather" name="test_package_stream_rejects_bytes_beyond_advertised_size" time="0.001" /><testcase classname="test_feather" name="test_1059_materialized_replacement_name_is_the_resolver_root_and_keeps_version_pin" time="0.000" /><testcase classname="test_feather" name="test_1059_component_repository_role_does_not_require_duplicate_repository_roles_field" time="0.000" /><testcase classname="test_feather" name="test_1060_artifact_only_evidence_can_corroborate_exact_file" time="0.002" /><testcase classname="test_feather" name="test_1060_independent_artifact_mismatch_is_fatal" time="0.001" /><testcase classname="test_feather" name="test_1060_evidence_candidates_never_scrape_or_guess_names" time="0.000" /><testcase classname="test_feather" name="test_1060_step4_checksum_precedes_evidence_validation" time="0.000" /><testcase classname="test_feather" name="test_1060_footer_reserves_navigation_column_and_wraps_status" time="0.001" /><testcase classname="test_feather" name="test_1060_evidence_ui_exposes_test_and_artifact_only_state" time="0.003" /><testcase classname="test_feather" name="test_1060_preflight_warns_but_accepts_artifact_only_evidence" time="0.001" /><testcase classname="test_feather" name="test_1061_test_evidence_button_precedes_manual_selector_rows" time="0.002" /><testcase classname="test_feather" name="test_1062_test_evidence_button_shares_status_row_like_checksum_inspection" time="0.002" /><testcase classname="test_feather" name="test_1061_manual_evidence_prompt_is_feather_styled_and_documents_contract" time="0.001" /><testcase classname="test_feather" name="test_1061_manual_evidence_url_never_becomes_reusable_dropdown_choice" time="0.001" /><testcase classname="test_feather" name="test_1061_clear_manual_evidence_discards_active_url_and_preflight_cache" time="0.000" /><testcase classname="test_feather" name="test_1061_manual_source_row_exposes_stable_clear_slot_and_typed_url" time="0.001" /><testcase classname="test_feather" name="test_1063_evidence_selection_marks_untested_without_network_side_effects" time="0.001" /><testcase classname="test_feather" name="test_1063_step4_requires_explicit_successful_test_after_selection" time="0.000" /><testcase classname="test_feather" name="test_1063_spot_compare_hashes_full_artifacts_with_selected_policy" time="0.002" /><testcase classname="test_feather" name="test_1063_manual_dialog_no_longer_claims_file_urls_are_valid_independent_evidence" time="0.001" /><testcase classname="test_feather" name="test_1063_selection_handler_has_no_automatic_evidence_test_call" time="0.001" /><testcase classname="test_feather" name="test_1063_evidence_spot_test_cache_is_bound_to_checksum_policy_and_roots" time="0.000" /><testcase classname="test_feather" name="test_1064_manual_evidence_display_is_bounded_and_redacts_credentials" time="0.000" /><testcase classname="test_feather" name="test_1064_evidence_row_uses_neutral_status_and_fixed_action_geometry" time="0.001" /><testcase classname="test_feather" name="test_1064_current_manual_evidence_value_is_actual_compact_url_not_placeholder" time="0.001" /><testcase classname="test_feather" name="test_1065_evidence_card_is_explicitly_conditional_and_clear_is_compact" time="0.004" /><testcase classname="test_feather" name="test_1066_evidence_test_button_disabled_outside_enhanced_maximum" time="0.000" /><testcase classname="test_feather" name="test_1066_evidence_test_handler_is_noop_for_inactive_strategy" time="0.000" /><testcase classname="test_feather" name="test_1066_evidence_button_stays_disabled_while_operation_is_running" time="0.000" /><testcase classname="test_feather" name="test_1067_el_rebuilds_are_independent_peers_not_exact_mirrors" time="0.000" /><testcase classname="test_feather" name="test_1067_peer_semantics_allow_different_binary_release_and_size" time="0.000" /><testcase classname="test_feather" name="test_1067_apply_peer_evidence_does_not_compare_binary_digests" time="0.000" /><testcase classname="test_feather" name="test_1067_peer_spot_check_accepts_different_bytes_when_each_own_digest_matches" time="0.001" /><testcase classname="test_feather" name="test_1067_maximum_accepts_semantic_peer_but_enhanced_gap_does_not" time="0.002" /><testcase classname="test_feather" name="test_1067_step4_accepts_successful_independent_peer_spot_test" time="0.000" /><testcase classname="test_feather" name="test_1067_preflight_classifies_alma_rocky_as_peer_without_byte_equality" time="0.001" /><testcase classname="test_feather" name="test_1067_peer_provenance_is_not_mislabeled_as_byte_match" time="0.000" /><testcase classname="test_feather" name="test_1068_apt_evidence_suggestions_are_same_distribution_mirrors" time="0.002" /><testcase classname="test_feather" name="test_1068_profiles_offer_multiple_alternate_archive_mirrors" time="0.000" /><testcase classname="test_feather" name="test_1068_mirror_empty_status_never_claims_all_are_mirrored" time="0.000" /><testcase classname="test_feather" name="test_1069_rocky_evidence_catalog_offers_exact_mirror_and_rebuild_peer" time="0.001" /><testcase classname="test_feather" name="test_1069_rhel_evidence_catalog_derives_rocky_and_alma_rebuild_peers" time="0.001" /><testcase classname="test_feather" name="test_1069_ubuntu_evidence_catalog_is_exact_mirror_only" time="0.001" /><testcase classname="test_feather" name="test_1069_cent_os_stream_is_not_misclassified_as_rhel_rebuild_peer" time="0.000" /><testcase classname="test_feather" name="test_1069_cross_vendor_el_exact_mirror_hint_is_rejected_as_stale" time="0.000" /><testcase classname="test_feather" name="test_1069_configured_same_archive_repo_is_offered_as_exact_mirror" time="0.000" /><testcase classname="test_feather" name="test_1069_profile_candidates_record_known_operator_independence" time="0.000" /><testcase classname="test_feather" name="test_1070_acquisition_state_matrix_precludes_impossible_combinations" time="0.000" /><testcase classname="test_feather" name="test_1070_package_only_is_a_workload_capability_not_exact_package_mode" time="0.000" /><testcase classname="test_feather" name="test_1070_freeform_enabled_roots_require_at_least_one_enabled_repository" time="0.000" /><testcase classname="test_feather" name="test_1070_exact_package_chooser_is_downstream_of_repository_configuration" time="0.002" /><testcase classname="test_feather" name="test_1070_custom_base_source_plan_does_not_seed_distribution_defaults" time="0.001" /><testcase classname="test_feather" name="test_1070_content_rail_expresses_intent_not_premature_package_identity" time="0.002" /><testcase classname="test_feather" name="test_1070_rpm_repository_mirror_never_generates_root_transaction_installer" time="0.006" /><testcase classname="test_feather" name="test_1070_apt_repository_mirror_never_generates_root_transaction_installer" time="0.010" /><testcase classname="test_feather" name="test_1070_mirror_output_controls_are_forced_to_mirror_semantics" time="0.001" /><testcase classname="test_feather" name="test_1070_exact_package_build_metadata_describes_all_selected_roots" time="0.002" /><testcase classname="test_feather" name="test_1071_mirror_mode_has_one_repository_editor_not_stacked_source_cards" time="0.001" /><testcase classname="test_feather" name="test_1071_mirror_editor_owns_population_and_manual_repository_actions" time="0.001" /><testcase classname="test_feather" name="test_1071_custom_mirror_source_never_opens_parallel_repository_manager" time="0.001" /><testcase classname="test_feather" name="test_1071_mirror_selection_is_authoritative_without_mutating_transaction_state" time="0.001" /><testcase classname="test_feather" name="test_1071_mirror_probe_and_loader_consume_checked_set_not_hidden_enabled_flags" time="0.001" /><testcase classname="test_feather" name="test_1072_repository_workflow_is_rebuilt_from_content_intent" time="0.001" /><testcase classname="test_feather" name="test_1072_mirror_and_transaction_repository_universes_are_isolated" time="0.000" /><testcase classname="test_feather" name="test_1072_mirror_uses_its_own_source_method_variable" time="0.001" /><testcase classname="test_feather" name="test_1072_mirror_preset_rows_do_not_require_transaction_widgets" time="0.000" /><testcase classname="test_feather" name="test_1073_transaction_source_default_is_derived_from_linux_target" time="0.000" /><testcase classname="test_feather" name="test_1073_profile_managed_workload_repo_does_not_leak_into_exact_package_scope" time="0.001" /><testcase classname="test_feather" name="test_1073_exact_root_from_profile_managed_repo_reactivates_only_that_repo" time="0.001" /><testcase classname="test_feather" name="test_1073_clearing_exact_roots_disables_profile_managed_sidechannels" time="0.000" /><testcase classname="test_feather" name="test_1073_repository_views_defensively_seed_automatic_base_sources" time="0.001" /><testcase classname="test_feather" name="test_1073_provenance_keyring_and_vendor_views_use_current_participating_scope" time="0.000" /><testcase classname="test_feather" name="test_1073_test_all_sources_and_validation_ignore_stale_profile_managed_sidechannels" time="0.001" /><testcase classname="test_feather" name="test_1073_operator_added_repository_is_target_scoped_without_being_deleted" time="0.000" /><testcase classname="test_feather" name="test_1073_package_browser_excludes_repository_scoped_to_another_target" time="0.000" /><testcase classname="test_feather" name="test_1074_dynamic_source_plan_combobox_is_built_with_current_choices" time="0.001" /><testcase classname="test_feather" name="test_1074_source_plan_sync_rehydrates_dynamic_widget_state" time="0.001" /><testcase classname="test_feather" name="test_1074_source_plan_sync_repairs_invalid_inherited_plan" time="0.000" /><testcase classname="test_feather" name="test_1075_rpm_exact_root_cannot_substitute_same_name_repository" time="0.001" /><testcase classname="test_feather" name="test_1075_deb_exact_root_cannot_substitute_same_name_repository" time="0.001" /><testcase classname="test_feather" name="test_1075_apt_component_scope_fails_closed" time="0.000" /><testcase classname="test_feather" name="test_1075_bundle_verifier_rejects_symlink_and_traversal" time="0.002" /><testcase classname="test_feather" name="test_1076_unrelated_exact_mirror_skew_does_not_poison_matching_package" time="0.000" /><testcase classname="test_feather" name="test_1076_enhanced_continuation_rejects_semantic_rebuild_peer_for_a_gap" time="0.001" /><testcase classname="test_feather" name="test_1080_testing_state_uses_activity_rail_in_footer_and_evidence_row" time="0.000" /><testcase classname="test_feather" name="test_1080_activity_indicator_is_low_cost_event_loop_driven_rail" time="0.002" /><testcase classname="test_feather" name="test_1078_review_summary_derives_acquisition_state_before_reading_it" time="0.001" /><testcase classname="test_feather" name="test_1078_wizard_forward_transition_enforces_source_plan_and_terminal_review" time="0.001" /><testcase classname="test_feather" name="test_1078_future_rail_steps_do_not_bypass_next_validation" time="0.001" /><testcase classname="test_feather" name="test_1076_messageboxes_route_through_feather_themed_modal_proxy" time="0.002" /><testcase classname="test_feather" name="test_1079_arch_profile_is_native_pacman_rolling_target" time="0.000" /><testcase classname="test_feather" name="test_1079_arch_vercmp_matches_documented_pacman_edge_cases" time="0.000" /><testcase classname="test_feather" name="test_1079_arch_resolver_closes_dependencies_and_rejects_contradictory_constraints" time="0.001" /><testcase classname="test_feather" name="test_1079_arch_exact_root_pins_repository_identity_not_display_name" time="0.001" /><testcase classname="test_feather" name="test_1079_arch_target_inventory_and_any_arch_are_supported" time="0.002" /><testcase classname="test_feather" name="test_1079_arch_repository_database_round_trip" time="0.004" /><testcase classname="test_feather" name="test_1079_arch_exact_mirror_compatibility_uses_alpm_repo_name" time="0.000" /><testcase classname="test_feather" name="test_1079_recoverable_source_failures_use_explicit_action_labels" time="0.001" /><testcase classname="test_feather" name="test_1079_repository_maintenance_rebuilds_arch_pkginfo" time="0.004" /><testcase classname="test_feather" name="test_1079_mirror_selection_uses_concrete_source_identity_not_display_name" time="0.000" /><testcase classname="test_feather" name="test_1079_mirror_result_cannot_pull_from_same_name_unselected_repository" time="0.000" /><testcase classname="test_feather" name="test_1079_mirror_table_allows_duplicate_display_names_without_iid_collision" time="0.001" /><testcase classname="test_feather" name="test_1079_exact_package_readiness_rejects_same_name_wrong_source" time="0.000" /><testcase classname="test_feather" name="test_1080_rhel_docker_cdn_selection_remains_dependency_capable_when_unentitled" time="0.000" /><testcase classname="test_feather" name="test_1080_rhel_distribution_roots_still_require_entitled_or_alternate_base" time="0.000" /><testcase classname="test_feather" name="test_1080_rhel_docker_package_only_does_not_trigger_entitlement_recovery_gate" time="0.000" /><testcase classname="test_feather" name="test_1081_trust_log_marks_build_waiting_and_resumes_after_decision" time="0.001" /><testcase classname="test_feather" name="test_1081_waiting_and_failed_activity_states_are_static_and_colour_coded" time="0.000" /><testcase classname="test_feather" name="test_1081_footer_activity_rail_has_no_feather_mark_and_is_lowered" time="0.002" /><testcase classname="test_feather" name="test_1082_waiting_footer_deduplicates_state_prefix" time="0.000" /><testcase classname="test_feather" name="test_1082_staging_reuses_arch_payload_but_not_generated_companions" time="0.003" /><testcase classname="test_feather" name="test_1082_rpm_bundle_companion_files_live_with_payload_and_report_shipped_size" time="0.007" /><testcase classname="test_feather" name="test_1082_mid_download_cancel_is_not_retried_or_masked_as_fetch_failure" time="0.000" /><testcase classname="test_feather" name="test_1082_package_download_cancel_is_not_masked_as_package_failure" time="0.001" /><testcase classname="test_feather" name="test_110_worker_done_treats_cancellation_as_typed_outcome_not_failure" time="0.000" /><testcase classname="test_feather" name="test_110_catalog_and_repo_loops_do_not_swallow_cancellation" time="0.002" /><testcase classname="test_feather" name="test_110_devuan_and_artix_profiles_are_systemd_free_targets" time="0.000" /><testcase classname="test_feather" name="test_110_split_desc_depends_alpm_database_resolves_dependencies" time="0.003" /><testcase classname="test_feather" name="test_110_pacman_db_fetch_uses_repository_transport_policy" time="0.001" /><testcase classname="test_feather" name="test_110_workload_availability_is_per_distro_and_excludes_missing_software" time="0.001" /><testcase classname="test_feather" name="test_110_certificate_failures_fail_fast_with_actionable_remedy" time="0.000" /><testcase classname="test_feather" name="test_110_bundled_gpg_verifier_is_preferred_and_name_comparisons_survive_paths" time="0.002" /><testcase classname="test_feather" name="test_110_rail_rows_bind_click_and_hover_on_every_child_widget" time="0.067" /><testcase classname="test_feather" name="test_110_rail_navigation_is_free_in_every_direction" time="0.000" /><testcase classname="test_feather" name="test_110_review_build_blocks_navigation_until_worker_releases_snapshot" time="0.000" /><testcase classname="test_feather" name="test_110_custom_packages_preset_uses_the_choose_packages_workflow" time="0.001" /><testcase classname="test_feather" name="test_110_init_system_axis_for_artix_and_devuan" time="0.001" /><testcase classname="test_feather" name="test_110_dynamic_workload_resolution_and_comet_rail" time="0.001" /><testcase classname="test_feather" name="test_110_init_lock_refuses_systemd_packages_and_incompatible_repositories" time="0.000" /><testcase classname="test_feather" name="test_110_chooser_add_survives_workflow_rerender_after_removal" time="0.000" /><testcase classname="test_feather" name="test_110_content_stage_has_no_second_package_entry_for_custom" time="0.001" /><testcase classname="test_feather" name="test_110_gnupg_absence_gates_signature_controls_and_tls_advice" time="0.001" /><testcase classname="test_feather" name="test_110_workflow_polish_batch" time="0.002" /><testcase classname="test_feather" name="test_110_repository_view_rebuilds_on_target_change_and_cert_advice_is_stable" time="0.001" /><testcase classname="test_feather" name="test_111_artix_default_uses_official_mirror_layout_and_current_list_source" time="0.001" /><testcase classname="test_feather" name="test_111_checksum_inspection_routes_transport_and_failures_to_activity_log" time="0.001" /><testcase classname="test_feather" name="test_112_custom_label_names_publish_folder_exactly" time="0.000" /><testcase classname="test_feather" name="test_112_confirm_output_folder_can_choose_sibling" time="0.002" /><testcase classname="test_feather" name="test_112_confirm_output_folder_keeps_requested_name_on_replace" time="0.001" /><testcase classname="test_feather" name="test_113_custom_label_empty_has_no_fallback_folder_name" time="0.000" /><testcase classname="test_feather" name="test_113_custom_label_preview_clears_immediately" time="0.000" /><testcase classname="test_feather" name="test_114_custom_label_empty_uses_date_prefix" time="0.000" /><testcase classname="test_feather" name="test_114_custom_label_empty_uses_datetime_prefix" time="0.000" /><testcase classname="test_feather" name="test_114_custom_label_none_and_empty_stays_blank" time="0.000" /><testcase classname="test_feather" name="test_114_output_naming_validation_accepts_prefix_only" time="0.000" /><testcase classname="test_feather" name="test_114_output_naming_validation_rejects_empty_none_prefix" time="0.000" /><testcase classname="test_feather" name="test_115_rocky_catalog_derives_same_slice_exact_mirror" time="0.001" /><testcase classname="test_feather" name="test_115_arch_catalog_derives_repository_channel_path" time="0.001" /><testcase classname="test_feather" name="test_115_devuan_catalog_baseurl_becomes_merged_repository" time="0.001" /><testcase classname="test_feather" name="test_115_debian_security_requires_security_scoped_mirror" time="0.001" /><testcase classname="test_feather" name="test_115_user_exact_mirror_override_persists_and_defaults_authority_unknown" time="0.001" /><testcase classname="test_feather" name="test_115_app_profile_evidence_comes_from_local_catalog_not_profile_suggestion" time="0.000" /><testcase classname="test_feather" name="test_115_build_stages_writable_mirror_catalog_sidecar" time="0.000" /><testcase classname="test_feather" name="test_116_automatic_catalog_evidence_is_us_only" time="0.001" /><testcase classname="test_feather" name="test_116_non_us_manual_override_cannot_assert_independent_authority" time="0.001" /><testcase classname="test_feather" name="test_116_us_manual_override_may_assert_independent_authority" time="0.001" /><testcase classname="test_feather" name="test_116_bundled_automatic_catalogs_contain_only_us_mirrors" time="0.001" /><testcase classname="test_feather" name="test_116_ui_added_override_exposes_country_for_plain_text_policy_edit" time="0.001" /><testcase classname="test_feather" name="test_117_commit_staging_merges_without_deleting_destination_only_files" time="0.003" /><testcase classname="test_feather" name="test_117_commit_staging_preflights_conflicts_before_publication" time="0.003" /><testcase classname="test_feather" name="test_117_commit_staging_rolls_back_if_final_directory_swap_fails" time="0.002" /><testcase classname="test_feather" name="test_117_unsealed_additive_publication_drops_inherited_whole_bundle_seal" time="0.004" /><testcase classname="test_feather" name="test_117_open_staging_recovers_interrupted_directory_swap" time="0.001" /><testcase classname="test_feather" name="test_117_existing_folder_defaults_to_addendum_and_repo_regeneration" time="0.001" /><testcase classname="test_feather" name="test_117_existing_repo_metadata_can_be_left_unchanged" time="0.001" /><testcase classname="test_feather" name="test_117_repository_rebuild_never_deletes_old_metadata_artifacts" time="0.002" /><testcase classname="test_feather" name="test_117_additive_repo_regeneration_indexes_all_existing_and_new_debs" time="0.004" /><testcase classname="test_feather" name="test_123_mirror_inventory_preserves_every_repository_record_without_deduplication" time="0.001" /><testcase classname="test_feather" name="test_123_mirror_folder_naming_forks_shared_custom_label_and_timestamp_per_repo" time="0.001" /><testcase classname="test_feather" name="test_123_output_preview_lists_each_selected_mirror_repository_and_destination" time="0.000" /><testcase classname="test_feather" name="test_123_mirror_checkbox_repaint_invalidates_output_preview" time="0.000" /><testcase classname="test_feather" name="test_123_independent_rpm_mirror_destinations_receive_only_their_own_metadata" time="0.009" /><testcase classname="test_feather" name="test_123_enhanced_explicit_evidence_preflight_includes_optional_bonds" time="0.000" /><testcase classname="test_feather" name="test_123_enhanced_unknown_checksum_coverage_is_pending_not_fallback_required" time="0.000" /><testcase classname="test_feather" name="test_123_enhanced_testing_before_inspection_still_requires_a_selection" time="0.000" /><testcase classname="test_feather" name="test_123_enhanced_next_requires_checksum_inspection_before_evidence_contract" time="0.000" /><testcase classname="test_feather" name="test_123_rhel_compatible_labels_do_not_override_alma_or_rocky_vendor_identity" time="0.000" /><testcase classname="test_feather" name="test_123_rhel_public_fallback_evidence_candidates_keep_exact_and_semantic_roles_separate" time="0.001" /><testcase classname="test_feather" name="test_123_rhel_public_fallback_exact_catalog_follows_repository_vendor_not_target_profile" time="0.001" /><testcase classname="test_feather" name="test_117_build_script_defaults_local_and_release_is_explicit" time="0.000" /><testcase classname="test_feather" name="test_117_build_script_supports_current_python_locally_but_pins_release_python" time="0.000" /><testcase classname="test_feather" name="test_117_windows_release_ci_uses_explicit_release_mode" time="0.000" /><testcase classname="test_feather" name="test_124_review_pagination_exposes_every_package_without_sampling" time="0.007" /><testcase classname="test_feather" name="test_124_review_pagination_preserves_repository_order_instead_of_round_robin_sampling" time="0.001" /><testcase classname="test_feather" name="test_124_review_pagination_clamps_out_of_range_pages_to_last_page" time="0.001" /><testcase classname="test_feather" name="test_124_review_ui_uses_pagination_controls_not_preview_truncation" time="0.005" /><testcase classname="test_feather" name="test_124_offscreen_transfer_state_is_retained_for_later_pages" time="0.000" /><testcase classname="test_feather" name="test_124_bulk_selection_applies_to_offscreen_packages_not_only_current_page" time="0.003" /><testcase classname="test_feather" name="test_124_heading_sort_orders_complete_result_before_pagination" time="0.000" /><testcase classname="test_feather" name="test_versioned_profiles_have_no_compiled_release_fallbacks" time="0.000" /><testcase classname="test_feather" name="test_devuan_debian_suite_relationship_is_learned_from_release_table" time="0.001" /><testcase classname="test_feather" name="test_123_release_cache_rejects_hostile_schema2_values_and_future_timestamps" time="0.000" /><testcase classname="test_feather" name="test_123_release_cache_writes_use_atomic_secure_state_writer" time="0.001" /><testcase classname="test_feather" name="test_123_background_release_refresh_is_bounded_and_does_not_take_global_operation_lease" time="0.000" /><testcase classname="test_feather" name="test_123_ubuntu_base_repo_binds_discovered_suite_to_signed_numeric_identity" time="0.001" /><testcase classname="test_feather" name="test_123_workload_matrix_fails_closed_on_enabled_repository_metadata_errors" time="0.001" /><testcase classname="test_feather" name="test_124_event_pump_survives_handler_exception_and_processes_done" time="0.000" /><testcase classname="test_feather" name="test_124_keystore_identity_excludes_userinfo_and_survives_credential_rotation" time="0.000" /><testcase classname="test_feather" name="test_124_redact_url_preserves_nonsecret_query_encoding_exactly" time="0.000" /><testcase classname="test_feather" name="test_124_evidence_metadata_does_not_collapse_distinct_secret_urls" time="0.000" /><testcase classname="test_feather" name="test_124_short_registered_secret_does_not_corrupt_unrelated_audit_text" time="0.000" /><testcase classname="test_feather" name="test_124_secret_registry_is_thread_safe_and_bounded" time="0.030" /><testcase classname="test_feather" name="test_124_secure_json_write_uses_private_unique_temp_and_atomic_replace" time="0.002" /><testcase classname="test_feather" name="test_125_epel_uses_distinct_exact_mirror_catalog" time="0.001" /><testcase classname="test_feather" name="test_125_bundled_epel_catalog_supplies_maximum_evidence_choices" time="0.001" /><testcase classname="test_feather" name="test_125_curated_failover_never_crosses_relationship_or_authority_boundary" time="0.000" /><testcase classname="test_feather" name="test_125_curated_failover_recovers_availability_failure_but_not_mismatch" time="0.000" /><testcase classname="test_feather" name="test_125_applied_curated_failover_updates_selection_and_cache_identity" time="0.000" /><testcase classname="test_feather" name="test_125_failed_evidence_status_exposes_detail_tooltip" time="0.001" /><testcase classname="tests.test_activity_log" name="test_lines_reach_the_file" time="0.001" /><testcase classname="tests.test_activity_log" name="test_a_session_banner_separates_runs" time="0.001" /><testcase classname="tests.test_activity_log" name="test_rotation_bounds_the_file" time="0.016" /><testcase classname="tests.test_activity_log" name="test_a_write_failure_disables_the_sink_instead_of_raising" time="0.001" /><testcase classname="tests.test_activity_log" name="test_open_returns_none_rather_than_a_dead_sink" time="0.001" /><testcase classname="tests.test_activity_log" name="test_the_log_path_redacts_before_it_reaches_the_file" time="0.001" /><testcase classname="tests.test_activity_log" name="test_a_host_without_a_state_directory_still_logs_in_memory" time="0.000" /><testcase classname="tests.test_activity_log" name="test_sink_failure_is_surfaced_rather_than_swallowed" time="0.001" /><testcase classname="tests.test_adversarial_review_fixes" name="test_source_identity_excludes_url_credentials_and_secret_query_values" time="0.001" /><testcase classname="tests.test_adversarial_review_fixes" name="test_gpg_backend_never_falls_back_to_ordinary_gpg" time="0.000" /><testcase classname="tests.test_adversarial_review_fixes" name="test_verify_openpgp_rejects_injected_gpg_backend" time="0.001" /><testcase classname="tests.test_adversarial_review_fixes" name="test_rpm_resolver_backtracks_on_conflicting_provider" time="0.001" /><testcase classname="tests.test_adversarial_review_fixes" name="test_rpm_explicit_root_conflict_is_not_hidden_by_backtracking" time="0.001" /><testcase classname="tests.test_adversarial_review_fixes" name="test_rpm_resolver_backtracks_when_provider_dependency_conflicts" time="0.001" /><testcase classname="tests.test_adversarial_review_fixes" name="test_apt_resolver_backtracks_on_conflicting_provider" time="0.001" /><testcase classname="tests.test_adversarial_review_fixes" name="test_apt_resolver_backtracks_when_provider_dependency_conflicts" time="0.001" /><testcase classname="tests.test_adversarial_review_fixes" name="test_rpm_primary_parser_does_not_retain_duplicate_raw_xml" time="0.001" /><testcase classname="tests.test_adversarial_review_fixes" name="test_deb822_stream_parser_does_not_build_a_record_list" time="0.000" /><testcase classname="tests.test_adversarial_review_fixes" name="test_deb822_binary_line_reader_rejects_oversized_line_before_full_decode" time="0.000" /><testcase classname="tests.test_adversarial_review_fixes" name="test_apt_loader_bounds_aggregate_retained_stanza_text" time="0.000" /><testcase classname="tests.test_adversarial_review_fixes" name="test_receiver_bootstrap_uses_resolved_trusted_gpgv" time="0.002" /><testcase classname="tests.test_adversarial_review_fixes" name="test_receiver_rejects_relative_gpgv_configuration" time="0.000" /><testcase classname="tests.test_application_startup" name="test_the_application_starts" time="0.162" /><testcase classname="tests.test_application_startup" name="test_the_footer_status_label_is_built_and_height_capped" time="0.112" /><testcase classname="tests.test_application_startup" name="test_a_long_status_cannot_grow_the_footer" time="0.145" /><testcase classname="tests.test_application_startup" name="test_every_wizard_pane_can_be_shown" time="0.179" /><testcase classname="tests.test_application_startup" name="test_tooltip_is_destroyed_when_navigating_to_another_pane" time="0.159" /><testcase classname="tests.test_application_startup" name="test_every_ui_refresh_method_survives_being_called" time="0.160" /><testcase classname="tests.test_application_startup" name="test_the_mirror_layout_controls_build_and_respond" time="0.131" /><testcase classname="tests.test_application_startup" name="test_distribution_switch_clears_uncached_release_and_rebuilds_sources" time="0.153" /><testcase classname="tests.test_application_startup" name="test_kubernetes_uses_content_version_axis_and_shows_repository_context" time="0.127" /><testcase classname="tests.test_application_startup" name="test_discovery_failure_makes_version_editable_without_fallback_list" time="0.135" /><testcase classname="tests.test_application_startup" name="test_repeated_workload_changes_keep_controls_and_sources_in_sync" time="1.829" /><testcase classname="tests.test_application_startup" name="test_patch_pin_survives_workload_switch_and_stale_results" time="0.171" /><testcase classname="tests.test_application_startup" name="test_progress_populates_minor_choices_without_overwriting_selection" time="0.139" /><testcase classname="tests.test_application_startup" name="test_inventory_entry_uses_flat_readonly_colors" time="0.118" /><testcase classname="tests.test_application_startup" name="test_incomplete_minor_does_not_break_workload_switching" time="0.163" /><testcase classname="tests.test_arch_provider_backtracking" name="test_arch_provider_backtracks_around_direct_conflict" time="0.001" /><testcase classname="tests.test_arch_provider_backtracking" name="test_arch_provider_backtracks_when_conflict_is_transitive" time="0.001" /><testcase classname="tests.test_arch_provider_backtracking" name="test_arch_provider_backtracking_distinguishes_versions_of_same_package" time="0.001" /><testcase classname="tests.test_arch_provider_backtracking" name="test_arch_provider_search_handles_interacting_choices" time="0.001" /><testcase clas
[...]
check" time="0.000" /><testcase classname="tests.test_static_gate_coverage" name="test_core_no_longer_needs_b023_exemption" time="0.000" /><testcase classname="tests.test_target_release_transition" name="test_switch_to_uncached_distribution_clears_previous_release[rhel]" time="0.001" /><testcase classname="tests.test_target_release_transition" name="test_switch_to_uncached_distribution_clears_previous_release[rocky]" time="0.001" /><testcase classname="tests.test_target_release_transition" name="test_switch_to_uncached_distribution_clears_previous_release[ubuntu]" time="0.001" /><testcase classname="tests.test_target_release_transition" name="test_switch_to_uncached_distribution_clears_previous_release[debian]" time="0.001" /><testcase classname="tests.test_target_release_transition" name="test_switch_to_uncached_distribution_clears_previous_release[devuan]" time="0.001" /><testcase classname="tests.test_target_release_transition" name="test_switch_uses_only_new_profiles_known_releases[ubuntu-releases0]" time="0.001" /><testcase classname="tests.test_target_release_transition" name="test_switch_uses_only_new_profiles_known_releases[debian-releases1]" time="0.001" /><testcase classname="tests.test_target_release_transition" name="test_switch_uses_only_new_profiles_known_releases[arch-releases2]" time="0.001" /><testcase classname="tests.test_target_release_transition" name="test_switch_uses_only_new_profiles_known_releases[custom-rpm-releases3]" time="0.001" /><testcase classname="tests.test_target_release_transition" name="test_blank_target_clears_generated_sources_and_old_package_state[transaction]" time="0.001" /><testcase classname="tests.test_target_release_transition" name="test_blank_target_clears_generated_sources_and_old_package_state[mirror]" time="0.001" /><testcase classname="tests.test_target_release_transition" name="test_release_discovery_populates_the_cleared_target" time="0.001" /><testcase classname="tests.test_transaction_contract" name="test_replaced_inventory_does_not_satisfy_old_requirement[rpm-lib-1-2]" time="0.002" /><testcase classname="tests.test_transaction_contract" name="test_replaced_inventory_does_not_satisfy_old_requirement[rpm-hyphenated-component-7.2-11.4]" time="0.001" /><testcase classname="tests.test_transaction_contract" name="test_replaced_inventory_does_not_satisfy_old_requirement[deb-lib-1-2]" time="0.001" /><testcase classname="tests.test_transaction_contract" name="test_replaced_inventory_does_not_satisfy_old_requirement[deb-hyphenated-component-7.2-11.4]" time="0.001" /><testcase classname="tests.test_transaction_contract" name="test_replaced_inventory_does_not_satisfy_old_requirement[arch-lib-1-2]" time="0.001" /><testcase classname="tests.test_transaction_contract" name="test_replaced_inventory_does_not_satisfy_old_requirement[arch-hyphenated-component-7.2-11.4]" time="0.001" /><testcase classname="tests.test_transaction_contract" name="test_late_rpm_condition_is_closed_at_fixed_point[1]" time="0.002" /><testcase classname="tests.test_transaction_contract" name="test_late_rpm_condition_is_closed_at_fixed_point[4]" time="0.002" /><testcase classname="tests.test_transaction_contract" name="test_late_rpm_condition_is_closed_at_fixed_point[11]" time="0.003" /><testcase classname="tests.test_transaction_contract" name="test_workload_materialization_family_architecture[rpm-noarch]" time="0.000" /><testcase classname="tests.test_transaction_contract" name="test_workload_materialization_family_architecture[deb-all]" time="0.000" /><testcase classname="tests.test_transaction_contract" name="test_workload_materialization_family_architecture[arch-any]" time="0.000" /><testcase classname="tests.test_transaction_contract" name="test_arch_root_source_scope[app]" time="0.001" /><testcase classname="tests.test_transaction_contract" name="test_arch_root_source_scope[other-app]" time="0.001" /><testcase classname="tests.test_transaction_contract" name="test_apt_any_respects_multi_arch[-False]" time="0.000" /><testcase classname="tests.test_transaction_contract" name="test_apt_any_respects_multi_arch[no-False]" time="0.000" /><testcase classname="tests.test_transaction_contract" name="test_apt_any_respects_multi_arch[same-False]" time="0.000" /><testcase classname="tests.test_transaction_contract" name="test_apt_any_respects_multi_arch[foreign-False]" time="0.000" /><testcase classname="tests.test_transaction_contract" name="test_apt_any_respects_multi_arch[allowed-True]" time="0.000" /><testcase classname="tests.test_transaction_contract" name="test_rpm_root_constraints_and_missing_root_only" time="0.002" /><testcase classname="tests.test_transaction_contract" name="test_root_only_and_conflicting_pins" time="0.001" /><testcase classname="tests.test_transaction_contract" name="test_optional_roots_and_exact_contract_reach_published_installer[1.2]" time="0.005" /><testcase classname="tests.test_transaction_contract" name="test_optional_roots_and_exact_contract_reach_published_installer[3:7.8-4]" time="0.004" /><testcase classname="tests.test_transaction_contract" name="test_receiver_baseline_and_post_install_are_exact" time="0.000" /><testcase classname="tests.test_transaction_contract" name="test_full_arch_upgrade_changes_with_target_inventory" time="0.001" /><testcase classname="tests.test_transaction_contract" name="test_retained_reverse_dependency_is_repaired_or_blocked[False]" time="0.001" /><testcase classname="tests.test_transaction_contract" name="test_retained_reverse_dependency_is_repaired_or_blocked[True]" time="0.001" /><testcase classname="tests.test_transaction_contract" name="test_cache_survives_failure_but_rejects_tampering" time="0.002" /><testcase classname="tests.test_transaction_contract" name="test_additive_changed_retained_bytes_block_publication" time="0.002" /><testcase classname="tests.test_transaction_contract" name="test_repository_cache_tracks_participating_sources" time="0.001" /><testcase classname="tests.test_transaction_contract" name="test_rpm_module_streams_follow_defaults_and_captured_state" time="0.004" /><testcase classname="tests.test_transaction_contract" name="test_module_yaml_alias_bombs_are_rejected" time="0.001" /><testcase classname="tests.test_transaction_contract" name="test_live_matrix_runs_materialization_optionality_and_closure" time="0.001" /><testcase classname="tests.test_transaction_contract" name="test_inventory_relationships_reject_inconsistent_capture" time="0.001" /><testcase classname="tests.test_transaction_contract" name="test_modular_header_without_modulemd_is_rejected" time="0.001" /><testcase classname="tests.test_transaction_contract" name="test_rpm_module_label_survives_record_copy_without_changing_package_equality" time="0.000" /><testcase classname="tests.test_transaction_inventory" name="test_rpm_retained_capabilities_are_owned_by_the_returned_snapshot" time="0.001" /><testcase classname="tests.test_transaction_inventory" name="test_rpm_replacement_and_versioned_obsoletes_remove_only_matching_owners" time="0.000" /><testcase classname="tests.test_transaction_inventory" name="test_rpm_legacy_unowned_provides_survive_only_without_replacements" time="0.000" /><testcase classname="tests.test_transaction_inventory" name="test_deb_replacement_drops_owned_virtual_provides_across_architectures" time="0.000" /><testcase classname="tests.test_transaction_inventory" name="test_arch_replaces_honors_version_limits_and_owns_returned_state" time="0.000" /><testcase classname="tests.test_transaction_inventory" name="test_uncaptured_relationships_do_not_claim_reverse_validation[rpm]" time="0.000" /><testcase classname="tests.test_transaction_inventory" name="test_uncaptured_relationships_do_not_claim_reverse_validation[deb]" time="0.000" /><testcase classname="tests.test_transaction_inventory" name="test_uncaptured_relationships_do_not_claim_reverse_validation[arch]" time="0.000" /><testcase classname="tests.test_transaction_inventory" name="test_retained_rpm_rich_relationships_preserve_owner_semantics[rpmlib(CompressedFileNames)-providers0-False]" time="0.000" /><testcase classname="tests.test_transaction_inventory" name="test_retained_rpm_rich_relationships_preserve_owner_semantics[(required if trigger)-providers1-True]" time="0.000" /><testcase classname="tests.test_transaction_inventory" name="test_retained_rpm_rich_relationships_preserve_owner_semantics[(required if trigger)-providers2-False]" time="0.000" /><testcase classname="tests.test_transaction_inventory" name="test_retained_rpm_rich_relationships_preserve_owner_semantics[(one or two)-providers3-False]" time="0.000" /><testcase classname="tests.test_transaction_inventory" name="test_retained_rpm_rich_relationships_preserve_owner_semantics[(one with two)-providers4-True]" time="0.001" /><testcase classname="tests.test_transaction_inventory" name="test_retained_rpm_rich_relationships_preserve_owner_semantics[(one with two)-providers5-False]" time="0.000" /><testcase classname="tests.test_transaction_inventory" name="test_deb_reverse_validation_checks_alternatives_and_predepends" time="0.000" /><testcase classname="tests.test_transaction_inventory" name="test_arch_reverse_validation_uses_versioned_provides" time="0.001" /><testcase classname="tests.test_transaction_inventory" name="test_arch_upgrade_distinguishes_foreign_and_managed_missing_packages[False]" time="0.000" /><testcase classname="tests.test_transaction_inventory" name="test_arch_upgrade_distinguishes_foreign_and_managed_missing_packages[True]" time="0.000" /><testcase classname="tests.test_transaction_inventory" name="test_arch_upgrade_rejects_inconsistent_snapshot_or_exact_root[incomplete]" time="0.001" /><testcase classname="tests.test_transaction_inventory" name="test_arch_upgrade_rejects_inconsistent_snapshot_or_exact_root[older]" time="0.001" /><testcase classname="tests.test_transaction_inventory" name="test_arch_upgrade_rejects_inconsistent_snapshot_or_exact_root[pin]" time="0.000" /><testcase classname="tests.test_transaction_inventory" name="test_arch_upgrade_rejects_inconsistent_snapshot_or_exact_root[source]" time="0.000" /><testcase classname="tests.test_transaction_inventory" name="test_arch_upgrade_preserves_caller_roots_and_adds_source_pinned_requests" time="0.000" /><testcase classname="tests.test_transaction_resolution" name="test_stability_returns_original_result_and_preserves_caller_options" time="0.001" /><testcase classname="tests.test_transaction_resolution" name="test_package_order_does_not_prevent_stability" time="0.000" /><testcase classname="tests.test_transaction_resolution" name="test_cycle_in_package_or_source_identity_fails_without_finalizing[False]" time="0.001" /><testcase classname="tests.test_transaction_resolution" name="test_cycle_in_package_or_source_identity_fails_without_finalizing[True]" time="0.001" /><testcase classname="tests.test_transaction_resolution" name="test_nonrepeating_unstable_state_exhausts_the_existing_budget[0-4]" time="0.001" /><testcase classname="tests.test_transaction_resolution" name="test_nonrepeating_unstable_state_exhausts_the_existing_budget[2-4]" time="0.001" /><testcase classname="tests.test_transaction_resolution" name="test_nonrepeating_unstable_state_exhausts_the_existing_budget[5-7]" time="0.001" /><testcase classname="tests.test_transaction_resolution" name="test_cancel_before_inventory_preparation_or_resolver" time="0.000" /><testcase classname="tests.test_transaction_resolution" name="test_cancel_after_one_pass_cannot_publish_partial_result" time="0.000" /><testcase classname="tests.test_transaction_resolution" name="test_backend_exception_propagates_without_reverse_validation" time="0.000" /><testcase classname="tests.test_transaction_resolution" name="test_repair_extends_owned_roots_and_restarts_with_empty_prior" time="0.001" /><testcase classname="tests.test_transaction_resolution" name="test_unrepairable_or_explicit_root_failure_is_retained[False]" time="0.001" /><testcase classname="tests.test_transaction_resolution" name="test_unrepairable_or_explicit_root_failure_is_retained[True]" time="0.001" /><testcase classname="tests.test_transaction_resolution" name="test_pending_repair_defers_other_failures_until_the_retry" time="0.001" /><testcase classname="tests.test_transaction_resolution" name="test_dependencies_disabled_bypasses_reverse_validation" time="0.000" /><testcase classname="tests.test_ui_event_budget" name="test_progress_burst_yields_before_consuming_all_events" time="0.002" /><testcase classname="tests.test_ui_event_budget" name="test_progress_coalescing_preserves_decision_and_completion_barriers" time="0.001" /><testcase classname="tests.test_ui_event_budget" name="test_failed_handler_acknowledges_and_does_not_strand_done" time="0.001" /><testcase classname="tests.test_ui_event_budget" name="test_real_gui_heartbeat_runs_before_a_progress_burst_finishes" time="0.194" /><testcase classname="tests.test_ui_event_budget" name="test_typed_obsolete_results_do_not_reach_handlers" time="0.001" /><testcase classname="tests.test_ui_event_budget" name="test_destroying_window_cancels_discovery_ownership" time="0.172" /><testcase classname="tests.test_version_ui_fixes" name="test_readonly_entry_background_is_not_the_clam_frame_colour" time="0.138" /><testcase classname="tests.test_version_ui_fixes" name="test_entry_focus_ring_uses_the_application_accent" time="0.148" /><testcase classname="tests.test_version_ui_fixes" name="test_every_live_readonly_entry_resolves_a_panel_background" time="0.262" /><testcase classname="tests.test_version_ui_fixes" name="test_the_attention_entry_variant_did_not_reintroduce_the_corners" time="0.131" /><testcase classname="tests.test_version_ui_fixes" name="test_clam_has_no_indicatorcolor_option" time="0.130" /><testcase classname="tests.test_version_ui_fixes" name="test_stray_ttk_checkbuttons_are_still_legible" time="0.133" /><testcase classname="tests.test_version_ui_fixes" name="test_no_themed_checkbutton_is_built_into_the_live_tree" time="0.148" /><testcase classname="tests.test_version_ui_fixes" name="test_kubernetes_checkboxes_use_the_drawn_house_widget" time="0.117" /><testcase classname="tests.test_version_ui_fixes" name="test_a_drawn_checkbutton_survives_the_operation_lock" time="0.170" /><testcase classname="tests.test_version_ui_fixes" name="test_a_drawn_checkbutton_runs_its_command_on_click_only" time="0.146" /><testcase classname="tests.test_version_ui_fixes" name="test_hiding_a_card_hides_its_heading_too" time="0.132" /><testcase classname="tests.test_version_ui_fixes" name="test_a_hidden_card_returns_to_its_original_position" time="0.140" /><testcase classname="tests.test_version_ui_fixes" name="test_repeated_visibility_toggles_are_idempotent" time="0.141" /><testcase classname="tests.test_version_ui_fixes" name="test_every_referenced_label_style_is_explicitly_configured" time="0.124" /><testcase classname="tests.test_version_ui_fixes" name="test_the_field_label_matches_the_card_it_sits_on" time="0.123" /><testcase classname="tests.test_version_ui_fixes" name="test_clearing_the_baseline_refreshes_what_depended_on_it" time="0.127" /><testcase classname="tests.test_version_ui_fixes" name="test_clearing_an_empty_baseline_does_nothing" time="0.119" /><testcase classname="tests.test_vks_selection_and_transfer_progress" name="test_exact_package_roots_are_cleared_when_content_owner_changes" time="0.000" /><testcase classname="tests.test_vks_selection_and_transfer_progress" name="test_exact_package_roots_survive_navigation_inside_same_content_choice" time="0.000" /><testcase classname="tests.test_vks_selection_and_transfer_progress" name="test_vks_content_plan_explains_that_additions_are_selected_on_repositories" time="0.000" /><testcase classname="tests.test_vks_selection_and_transfer_progress" name="test_package_validation_error_routes_to_exact_package_chooser" time="0.000" /><testcase classname="tests.test_vks_selection_and_transfer_progress" name="test_vks_missing_addition_routes_to_vks_package_chooser" time="0.000" /><testcase classname="tests.test_vks_selection_and_transfer_progress" name="test_streaming_package_copy_reports_bytes_as_each_chunk_arrives" time="0.003" /><testcase classname="tests.test_vks_selection_and_transfer_progress" name="test_transfer_status_moves_before_package_finishes" time="0.000" /><testcase classname="tests.test_vks_selection_and_transfer_progress" name="test_package_boundary_progress_does_not_override_live_byte_progress" time="0.000" /><testcase classname="tests.test_vks_selection_and_transfer_progress" name="test_progress_events_resume_after_payload_transfer_finishes" time="0.000" /><testcase classname="tests.test_workload_dependency_and_vks_context" name="test_vendor_workload_uses_any_separate_enabled_repository_as_dependency_provider" time="0.000" /><testcase classname="tests.test_workload_dependency_and_vks_context" name="test_explicit_package_only_remains_available_even_with_dependency_providers" time="0.000" /><testcase classname="tests.test_workload_dependency_and_vks_context" name="test_vks_is_contextual_workload_not_generic_exact_package_mode" time="0.000" /><testcase classname="tests.test_workload_dependency_and_vks_context" name="test_vks_source_plan_is_derived_from_selected_os_additions" time="0.000" /><testcase classname="tests.test_workload_dependency_and_vks_context" name="test_vks_context_reset_discards_only_vks_owned_state" time="0.000" /><testcase classname="tests.test_workload_dependency_and_vks_context" name="test_package_only_mode_label_is_explicit_not_an_implicit_capability_name" time="0.000" /><testcase classname="tests.test_workload_dependency_and_vks_context" name="test_docker_offers_dependency_analysis_and_explicit_package_only" time="0.157" /><testcase classname="tests.test_workload_dependency_and_vks_context" name="test_docker_falls_back_to_package_only_when_only_vendor_source_remains" time="0.128" /><testcase classname="tests.test_workload_dependency_and_vks_context" name="test_vks_context_reconfigures_and_resets_when_target_becomes_incompatible" time="0.163" /><testcase classname="tests.test_workload_dependency_and_vks_context" name="test_downstream_dependency_choice_does_not_exit_vks_context" time="0.187" /><testcase classname="tests.test_workload_dependency_and_vks_context" name="test_vks_parameter_signature_includes_exact_version_and_source_identity" time="0.001" /><testcase classname="tests.test_workload_dependency_and_vks_context" name="test_rhel_entitlement_readiness_accepts_credentials_attached_to_cdn_rows" time="0.000" /><testcase classname="tests.test_workload_dependency_and_vks_context" name="test_rhel_cdn_is_source_intent_even_before_entitlement_is_configured" time="0.000" /><testcase classname="tests.test_workload_dependency_and_vks_context" name="test_rhel_cdn_full_analysis_blocks_on_missing_entitlement_without_becoming_package_only" time="0.000" /><testcase classname="tests.test_workload_dependency_and_vks_context" name="test_rhel_source_status_separates_selected_dependency_provider_from_missing_entitlement" time="0.000" /><testcase classname="tests.test_workload_version_ui" name="test_minor_discovery_publishes_before_slowest_probe_finishes" time="0.002" /><testcase classname="tests.test_workload_version_ui" name="test_patch_scan_snapshots_tk_state_and_retains_full_builds[kubernetes-node-rpm]" time="0.005" /><testcase classname="tests.test_workload_version_ui" name="test_patch_scan_snapshots_tk_state_and_retains_full_builds[kubernetes-node-deb]" time="0.004" /><testcase classname="tests.test_workload_version_ui" name="test_patch_scan_snapshots_tk_state_and_retains_full_builds[kubernetes-client-rpm]" time="0.003" /><testcase classname="tests.test_workload_version_ui" name="test_patch_scan_snapshots_tk_state_and_retains_full_builds[kubernetes-client-deb]" time="0.003" /><testcase classname="tests.test_workload_version_ui" name="test_generic_package_scan_result_cannot_replace_another_workload" time="0.001" /></testsuite></testsuites>